{"D:\\JS project\\Custom-components-lib\\src\\components\\buttons\\BasicButton\\BasicButton.tsx": {"path":"D:\\JS project\\Custom-components-lib\\src\\components\\buttons\\BasicButton\\BasicButton.tsx","all":false,"statementMap":{"0":{"start":{"line":1,"column":0},"end":{"line":1,"column":33}},"1":{"start":{"line":2,"column":0},"end":{"line":2,"column":0}},"2":{"start":{"line":3,"column":0},"end":{"line":3,"column":67}},"3":{"start":{"line":4,"column":0},"end":{"line":4,"column":65}},"4":{"start":{"line":5,"column":0},"end":{"line":5,"column":57}},"5":{"start":{"line":6,"column":0},"end":{"line":6,"column":0}},"6":{"start":{"line":7,"column":0},"end":{"line":7,"column":66}},"7":{"start":{"line":8,"column":0},"end":{"line":8,"column":44}},"8":{"start":{"line":9,"column":0},"end":{"line":9,"column":0}},"9":{"start":{"line":10,"column":0},"end":{"line":10,"column":34}},"10":{"start":{"line":11,"column":0},"end":{"line":11,"column":38}},"11":{"start":{"line":12,"column":0},"end":{"line":12,"column":46}},"12":{"start":{"line":13,"column":0},"end":{"line":13,"column":1}},"13":{"start":{"line":14,"column":0},"end":{"line":14,"column":0}},"14":{"start":{"line":15,"column":0},"end":{"line":15,"column":70}},"15":{"start":{"line":16,"column":0},"end":{"line":16,"column":0}},"16":{"start":{"line":17,"column":0},"end":{"line":17,"column":18}},"17":{"start":{"line":18,"column":0},"end":{"line":18,"column":31}},"18":{"start":{"line":19,"column":0},"end":{"line":19,"column":46}},"19":{"start":{"line":20,"column":0},"end":{"line":20,"column":43}},"20":{"start":{"line":21,"column":0},"end":{"line":21,"column":1}},"21":{"start":{"line":22,"column":0},"end":{"line":22,"column":0}},"22":{"start":{"line":23,"column":0},"end":{"line":23,"column":117}},"23":{"start":{"line":24,"column":0},"end":{"line":24,"column":74}},"24":{"start":{"line":25,"column":0},"end":{"line":25,"column":0}},"25":{"start":{"line":26,"column":0},"end":{"line":26,"column":54}},"26":{"start":{"line":27,"column":0},"end":{"line":27,"column":1}},"27":{"start":{"line":28,"column":0},"end":{"line":28,"column":0}},"28":{"start":{"line":29,"column":0},"end":{"line":29,"column":26}}},"s":{"0":1,"1":1,"2":1,"3":1,"4":1,"5":1,"6":1,"7":1,"8":1,"9":1,"10":1,"11":1,"12":1,"13":1,"14":1,"15":1,"16":1,"17":1,"18":1,"19":1,"20":1,"21":1,"22":1,"23":4,"24":4,"25":4,"26":4,"27":1,"28":1},"branchMap":{"0":{"type":"branch","line":23,"loc":{"start":{"line":23,"column":42},"end":{"line":27,"column":1}},"locations":[{"start":{"line":23,"column":42},"end":{"line":27,"column":1}}]},"1":{"type":"branch","line":23,"loc":{"start":{"line":23,"column":59},"end":{"line":23,"column":61}},"locations":[{"start":{"line":23,"column":59},"end":{"line":23,"column":61}}]},"2":{"type":"branch","line":23,"loc":{"start":{"line":23,"column":65},"end":{"line":23,"column":76}},"locations":[{"start":{"line":23,"column":65},"end":{"line":23,"column":76}}]},"3":{"type":"branch","line":23,"loc":{"start":{"line":23,"column":76},"end":{"line":23,"column":78}},"locations":[{"start":{"line":23,"column":76},"end":{"line":23,"column":78}}]},"4":{"type":"branch","line":23,"loc":{"start":{"line":23,"column":85},"end":{"line":23,"column":99}},"locations":[{"start":{"line":23,"column":85},"end":{"line":23,"column":99}}]},"5":{"type":"branch","line":23,"loc":{"start":{"line":23,"column":99},"end":{"line":23,"column":104}},"locations":[{"start":{"line":23,"column":99},"end":{"line":23,"column":104}}]}},"b":{"0":[4],"1":[0],"2":[2],"3":[2],"4":[1],"5":[3]},"fnMap":{"0":{"name":"BasicButton","decl":{"start":{"line":23,"column":42},"end":{"line":27,"column":1}},"loc":{"start":{"line":23,"column":42},"end":{"line":27,"column":1}},"line":23}},"f":{"0":4}}
,"D:\\JS project\\Custom-components-lib\\src\\components\\buttons\\prototype\\Prototype.tsx": {"path":"D:\\JS project\\Custom-components-lib\\src\\components\\buttons\\prototype\\Prototype.tsx","all":false,"statementMap":{"0":{"start":{"line":1,"column":0},"end":{"line":1,"column":55}},"1":{"start":{"line":2,"column":0},"end":{"line":2,"column":0}},"2":{"start":{"line":3,"column":0},"end":{"line":3,"column":43}},"3":{"start":{"line":4,"column":0},"end":{"line":4,"column":0}},"4":{"start":{"line":5,"column":0},"end":{"line":5,"column":68}},"5":{"start":{"line":6,"column":0},"end":{"line":6,"column":0}},"6":{"start":{"line":7,"column":0},"end":{"line":7,"column":85}},"7":{"start":{"line":8,"column":0},"end":{"line":8,"column":54}},"8":{"start":{"line":9,"column":0},"end":{"line":9,"column":0}},"9":{"start":{"line":10,"column":0},"end":{"line":10,"column":11}},"10":{"start":{"line":11,"column":0},"end":{"line":11,"column":45}},"11":{"start":{"line":12,"column":0},"end":{"line":12,"column":16}},"12":{"start":{"line":13,"column":0},"end":{"line":13,"column":15}},"13":{"start":{"line":14,"column":0},"end":{"line":14,"column":4}},"14":{"start":{"line":15,"column":0},"end":{"line":15,"column":1}},"15":{"start":{"line":16,"column":0},"end":{"line":16,"column":0}},"16":{"start":{"line":17,"column":0},"end":{"line":17,"column":24}}},"s":{"0":1,"1":1,"2":1,"3":1,"4":1,"5":1,"6":1,"7":4,"8":4,"9":4,"10":4,"11":4,"12":4,"13":4,"14":4,"15":1,"16":1},"branchMap":{"0":{"type":"branch","line":7,"loc":{"start":{"line":7,"column":38},"end":{"line":15,"column":1}},"locations":[{"start":{"line":7,"column":38},"end":{"line":15,"column":1}}]},"1":{"type":"branch","line":7,"loc":{"start":{"line":7,"column":50},"end":{"line":7,"column":55}},"locations":[{"start":{"line":7,"column":50},"end":{"line":7,"column":55}}]},"2":{"type":"branch","line":7,"loc":{"start":{"line":7,"column":62},"end":{"line":7,"column":67}},"locations":[{"start":{"line":7,"column":62},"end":{"line":7,"column":67}}]}},"b":{"0":[4],"1":[0],"2":[0]},"fnMap":{"0":{"name":"Prototype","decl":{"start":{"line":7,"column":38},"end":{"line":15,"column":1}},"loc":{"start":{"line":7,"column":38},"end":{"line":15,"column":1}},"line":7}},"f":{"0":4}}
,"D:\\JS project\\Custom-components-lib\\src\\components\\buttons\\utils\\sizes\\getSize.ts": {"path":"D:\\JS project\\Custom-components-lib\\src\\components\\buttons\\utils\\sizes\\getSize.ts","all":false,"statementMap":{"0":{"start":{"line":1,"column":0},"end":{"line":1,"column":47}},"1":{"start":{"line":2,"column":0},"end":{"line":2,"column":49}},"2":{"start":{"line":3,"column":0},"end":{"line":3,"column":47}},"3":{"start":{"line":4,"column":0},"end":{"line":4,"column":0}},"4":{"start":{"line":5,"column":0},"end":{"line":5,"column":15}},"5":{"start":{"line":6,"column":0},"end":{"line":6,"column":26}},"6":{"start":{"line":7,"column":0},"end":{"line":7,"column":29}},"7":{"start":{"line":8,"column":0},"end":{"line":8,"column":26}},"8":{"start":{"line":9,"column":0},"end":{"line":9,"column":1}},"9":{"start":{"line":10,"column":0},"end":{"line":10,"column":0}},"10":{"start":{"line":11,"column":0},"end":{"line":11,"column":57}},"11":{"start":{"line":12,"column":0},"end":{"line":12,"column":0}},"12":{"start":{"line":13,"column":0},"end":{"line":13,"column":22}}},"s":{"0":1,"1":1,"2":1,"3":1,"4":1,"5":1,"6":1,"7":1,"8":1,"9":1,"10":1,"11":1,"12":1},"branchMap":{"0":{"type":"branch","line":11,"loc":{"start":{"line":11,"column":16},"end":{"line":11,"column":57}},"locations":[{"start":{"line":11,"column":16},"end":{"line":11,"column":57}}]}},"b":{"0":[4]},"fnMap":{"0":{"name":"getSize","decl":{"start":{"line":11,"column":16},"end":{"line":11,"column":57}},"loc":{"start":{"line":11,"column":16},"end":{"line":11,"column":57}},"line":11}},"f":{"0":4}}
}
