TN:
SF:src\components\buttons\BasicButton\BasicButton.tsx
FN:23,BasicButton
FNF:1
FNH:1
FNDA:4,BasicButton
DA:1,1
DA:2,1
DA:3,1
DA:4,1
DA:5,1
DA:6,1
DA:7,1
DA:8,1
DA:9,1
DA:10,1
DA:11,1
DA:12,1
DA:13,1
DA:14,1
DA:15,1
DA:16,1
DA:17,1
DA:18,1
DA:19,1
DA:20,1
DA:21,1
DA:22,1
DA:23,1
DA:24,4
DA:25,4
DA:26,4
DA:27,4
DA:28,1
DA:29,1
LF:29
LH:29
BRDA:23,0,0,4
BRDA:23,1,0,0
BRDA:23,2,0,2
BRDA:23,3,0,2
BRDA:23,4,0,1
BRDA:23,5,0,3
BRF:6
BRH:5
end_of_record
TN:
SF:src\components\buttons\prototype\Prototype.tsx
FN:7,Prototype
FNF:1
FNH:1
FNDA:4,Prototype
DA:1,1
DA:2,1
DA:3,1
DA:4,1
DA:5,1
DA:6,1
DA:7,1
DA:8,4
DA:9,4
DA:10,4
DA:11,4
DA:12,4
DA:13,4
DA:14,4
DA:15,4
DA:16,1
DA:17,1
LF:17
LH:17
BRDA:7,0,0,4
BRDA:7,1,0,0
BRDA:7,2,0,0
BRF:3
BRH:1
end_of_record
TN:
SF:src\components\buttons\utils\sizes\getSize.ts
FN:11,getSize
FNF:1
FNH:1
FNDA:4,getSize
DA:1,1
DA:2,1
DA:3,1
DA:4,1
DA:5,1
DA:6,1
DA:7,1
DA:8,1
DA:9,1
DA:10,1
DA:11,1
DA:12,1
DA:13,1
LF:13
LH:13
BRDA:11,0,0,4
BRF:1
BRH:1
end_of_record
TN:
SF:src\components\checkboxes\BasicCheckbox\BasicCheckbox.tsx
FN:20,BasicCheckbox
FNF:1
FNH:1
FNDA:2,BasicCheckbox
DA:1,1
DA:2,1
DA:3,1
DA:4,1
DA:5,1
DA:6,1
DA:7,1
DA:8,1
DA:9,1
DA:10,1
DA:11,1
DA:12,1
DA:13,1
DA:14,1
DA:15,1
DA:16,1
DA:17,1
DA:18,1
DA:19,1
DA:20,1
DA:21,2
DA:22,2
DA:23,2
DA:24,2
DA:25,2
DA:26,2
DA:27,2
DA:28,2
DA:29,2
DA:30,2
DA:31,2
DA:32,2
DA:33,2
DA:34,2
DA:35,2
DA:36,2
DA:37,2
DA:38,2
DA:39,2
DA:40,1
DA:41,1
DA:42,1
DA:43,2
DA:44,2
DA:45,2
DA:46,2
DA:47,1
DA:48,1
LF:48
LH:48
BRDA:20,0,0,2
BRDA:21,1,0,1
BRDA:21,2,0,1
BRDA:22,3,0,1
BRDA:22,4,0,1
BRDA:23,5,0,0
BRDA:39,6,0,1
BRF:7
BRH:6
end_of_record
TN:
SF:src\components\inputs\BasicInput\BasicInput.tsx
FN:19,BasicInput
FNF:1
FNH:1
FNDA:5,BasicInput
DA:1,1
DA:2,1
DA:3,1
DA:4,1
DA:5,1
DA:6,1
DA:7,1
DA:8,1
DA:9,1
DA:10,1
DA:11,1
DA:12,1
DA:13,1
DA:14,1
DA:15,1
DA:16,1
DA:17,1
DA:18,1
DA:19,1
DA:20,5
DA:21,5
DA:22,5
DA:23,5
DA:24,5
DA:25,5
DA:26,5
DA:27,5
DA:28,5
DA:29,5
DA:30,5
DA:31,1
DA:32,1
LF:32
LH:32
BRDA:19,0,0,5
BRDA:20,1,0,0
BRDA:21,2,0,2
BRDA:21,3,0,3
BRF:4
BRH:3
end_of_record
TN:
SF:src\components\inputs\prototype\Prototype.tsx
FN:18,Prototype
FNF:1
FNH:1
FNDA:5,Prototype
DA:1,1
DA:2,1
DA:3,1
DA:4,1
DA:5,1
DA:6,1
DA:7,1
DA:8,1
DA:9,1
DA:10,1
DA:11,1
DA:12,1
DA:13,1
DA:14,1
DA:15,1
DA:16,1
DA:17,1
DA:18,1
DA:19,5
DA:20,5
DA:21,5
DA:22,5
DA:23,5
DA:24,5
DA:25,5
DA:26,5
DA:27,5
DA:28,5
DA:29,5
DA:30,5
DA:31,5
DA:32,5
DA:33,5
DA:34,5
DA:35,5
DA:36,5
DA:37,5
DA:38,5
DA:39,1
DA:40,1
LF:40
LH:40
BRDA:18,0,0,5
BRDA:19,1,0,4
BRDA:19,2,0,1
BRDA:20,3,0,0
BRDA:21,4,0,0
BRDA:25,5,0,1
BRDA:25,6,0,4
BRDA:28,7,0,1
BRDA:28,8,0,4
BRF:9
BRH:7
end_of_record
TN:
SF:src\components\modals\Basic\BasicModal.tsx
FN:11,BasicModal
FN:11,BasicModal.onClose
FN:14,handleClose
FN:17,handleChildClick
FNF:4
FNH:1
FNDA:2,BasicModal
FNDA:0,BasicModal.onClose
FNDA:0,handleClose
FNDA:0,handleChildClick
DA:1,1
DA:2,1
DA:3,1
DA:4,1
DA:5,1
DA:6,1
DA:7,1
DA:8,1
DA:9,1
DA:10,1
DA:11,1
DA:12,2
DA:13,2
DA:14,2
DA:15,0
DA:16,0
DA:17,2
DA:18,0
DA:19,0
DA:20,2
DA:21,1
DA:22,1
DA:23,1
DA:24,1
DA:25,1
DA:26,1
DA:27,1
DA:28,1
DA:29,1
LF:29
LH:25
BRDA:11,0,0,2
BRDA:11,1,0,0
BRDA:11,2,0,0
BRDA:11,3,0,1
BRDA:11,4,0,1
BRDA:20,5,0,1
BRF:6
BRH:4
end_of_record
TN:
SF:src\components\selects\Basic\BasicSelect.tsx
FN:19,BasicSelect
FN:29,handleWrapperClick
FN:34,handleOptionsClick
FN:39,handleOptionsBlur
FNF:4
FNH:2
FNDA:4,BasicSelect
FNDA:1,handleWrapperClick
FNDA:0,handleOptionsClick
FNDA:0,handleOptionsBlur
DA:1,1
DA:2,1
DA:3,1
DA:4,1
DA:5,1
DA:6,1
DA:7,1
DA:8,1
DA:9,1
DA:10,1
DA:11,1
DA:12,1
DA:13,1
DA:14,1
DA:15,1
DA:16,1
DA:17,1
DA:18,1
DA:19,1
DA:20,4
DA:21,4
DA:22,4
DA:23,4
DA:24,4
DA:25,4
DA:26,4
DA:27,4
DA:28,4
DA:29,4
DA:30,1
DA:31,1
DA:32,1
DA:33,1
DA:34,4
DA:35,0
DA:36,0
DA:37,0
DA:38,4
DA:39,4
DA:40,0
DA:41,0
DA:42,0
DA:43,0
DA:44,4
DA:45,4
DA:46,2
DA:47,1
DA:48,1
DA:49,1
DA:50,1
DA:51,4
DA:52,4
DA:53,1
DA:54,4
DA:55,4
DA:56,4
DA:57,4
DA:58,4
DA:59,4
DA:60,4
DA:61,4
DA:62,4
DA:63,4
DA:64,4
DA:65,4
DA:66,4
DA:67,4
DA:68,4
DA:69,4
DA:70,4
DA:71,4
DA:72,4
DA:73,4
DA:74,2
DA:75,2
DA:76,2
DA:77,2
DA:78,2
DA:79,2
DA:80,2
DA:81,2
DA:82,2
DA:83,2
DA:84,2
DA:85,2
DA:86,2
DA:87,4
DA:88,4
DA:89,4
DA:90,4
DA:91,4
DA:92,1
DA:93,1
LF:93
LH:86
BRDA:19,0,0,4
BRDA:20,1,0,0
BRDA:21,2,0,0
BRDA:22,3,0,0
BRDA:23,4,0,0
BRDA:56,5,0,2
BRDA:56,6,0,2
BRDA:57,7,0,1
BRDA:57,8,0,3
BRDA:73,9,0,2
BRDA:29,10,0,1
BRDA:45,11,0,2
BRDA:46,12,0,1
BRDA:46,13,0,1
BRDA:52,14,0,1
BRDA:53,15,0,0
BRDA:75,16,0,2
BRF:17
BRH:12
end_of_record
TN:
SF:src\components\selects\Basic\selectReducer.ts
FN:24,selectReducer
FNF:1
FNH:1
FNDA:5,selectReducer
DA:1,1
DA:2,1
DA:3,1
DA:4,1
DA:5,1
DA:6,1
DA:7,1
DA:8,1
DA:9,1
DA:10,1
DA:11,1
DA:12,1
DA:13,1
DA:14,1
DA:15,1
DA:16,1
DA:17,1
DA:18,1
DA:19,1
DA:20,1
DA:21,1
DA:22,1
DA:23,1
DA:24,1
DA:25,5
DA:26,5
DA:27,1
DA:28,5
DA:29,2
DA:30,5
DA:31,0
DA:32,5
DA:33,1
DA:34,5
DA:35,1
DA:36,5
DA:37,5
DA:38,0
DA:39,5
DA:40,5
DA:41,1
DA:42,1
LF:42
LH:40
BRDA:24,0,0,5
BRDA:26,1,0,1
BRDA:28,2,0,2
BRDA:30,3,0,0
BRDA:32,4,0,1
BRDA:34,5,0,1
BRDA:37,6,0,0
BRF:7
BRH:5
end_of_record
TN:
SF:src\components\selects\Basic\Item\BasicSelectItem.tsx
FN:10,BasicSelectItem
FNF:1
FNH:1
FNDA:2,BasicSelectItem
DA:1,1
DA:2,1
DA:3,1
DA:4,1
DA:5,1
DA:6,1
DA:7,1
DA:8,1
DA:9,1
DA:10,1
DA:11,2
DA:12,2
DA:13,2
DA:14,2
DA:15,2
DA:16,2
DA:17,2
DA:18,2
DA:19,1
DA:20,1
LF:20
LH:20
BRDA:10,0,0,2
BRDA:10,1,0,0
BRDA:10,2,0,0
BRF:3
BRH:1
end_of_record
TN:
SF:src\components\switches\BasicSwitch.tsx
FN:16,BasicSwitch
FNF:1
FNH:1
FNDA:2,BasicSwitch
DA:1,1
DA:2,1
DA:3,1
DA:4,1
DA:5,1
DA:6,1
DA:7,1
DA:8,1
DA:9,1
DA:10,1
DA:11,1
DA:12,1
DA:13,1
DA:14,1
DA:15,1
DA:16,1
DA:17,2
DA:18,2
DA:19,2
DA:20,2
DA:21,2
DA:22,2
DA:23,2
DA:24,2
DA:25,2
DA:26,2
DA:27,2
DA:28,2
DA:29,2
DA:30,2
DA:31,2
DA:32,2
DA:33,2
DA:34,2
DA:35,2
DA:36,2
DA:37,2
DA:38,2
DA:39,2
DA:40,2
DA:41,2
DA:42,2
DA:43,2
DA:44,2
DA:45,2
DA:46,2
DA:47,2
DA:48,2
DA:49,2
DA:50,1
DA:51,1
LF:51
LH:51
BRDA:16,0,0,2
BRDA:24,1,0,0
BRDA:25,2,0,0
BRF:3
BRH:1
end_of_record
TN:
SF:src\components\switches\prototype\Prototype.tsx
FN:33,Prototype
FNF:1
FNH:1
FNDA:2,Prototype
DA:1,1
DA:2,1
DA:3,1
DA:4,1
DA:5,1
DA:6,1
DA:7,1
DA:8,1
DA:9,1
DA:10,1
DA:11,1
DA:12,1
DA:13,1
DA:14,1
DA:15,1
DA:16,1
DA:17,1
DA:18,1
DA:19,1
DA:20,1
DA:21,1
DA:22,1
DA:23,1
DA:24,1
DA:25,1
DA:26,1
DA:27,1
DA:28,1
DA:29,1
DA:30,1
DA:31,1
DA:32,1
DA:33,1
DA:34,2
DA:35,2
DA:36,2
DA:37,2
DA:38,2
DA:39,2
DA:40,2
DA:41,2
DA:42,2
DA:43,2
DA:44,2
DA:45,2
DA:46,2
DA:47,2
DA:48,2
DA:49,2
DA:50,2
DA:51,2
DA:52,2
DA:53,2
DA:54,2
DA:55,2
DA:56,2
DA:57,2
DA:58,1
DA:59,1
DA:60,1
DA:61,2
DA:62,2
DA:63,2
DA:64,2
DA:65,1
DA:66,1
LF:66
LH:66
BRDA:33,0,0,2
BRDA:57,1,0,1
BRF:2
BRH:2
end_of_record
