TN:
SF:src\components\buttons\BasicButton\BasicButton.tsx
FN:23,BasicButton
FNF:1
FNH:1
FNDA:4,BasicButton
DA:1,1
DA:2,1
DA:3,1
DA:4,1
DA:5,1
DA:6,1
DA:7,1
DA:8,1
DA:9,1
DA:10,1
DA:11,1
DA:12,1
DA:13,1
DA:14,1
DA:15,1
DA:16,1
DA:17,1
DA:18,1
DA:19,1
DA:20,1
DA:21,1
DA:22,1
DA:23,1
DA:24,4
DA:25,4
DA:26,4
DA:27,4
DA:28,1
DA:29,1
LF:29
LH:29
BRDA:23,0,0,4
BRDA:23,1,0,0
BRDA:23,2,0,2
BRDA:23,3,0,2
BRDA:23,4,0,1
BRDA:23,5,0,3
BRF:6
BRH:5
end_of_record
TN:
SF:src\components\buttons\prototype\Prototype.tsx
FN:7,Prototype
FNF:1
FNH:1
FNDA:4,Prototype
DA:1,1
DA:2,1
DA:3,1
DA:4,1
DA:5,1
DA:6,1
DA:7,1
DA:8,4
DA:9,4
DA:10,4
DA:11,4
DA:12,4
DA:13,4
DA:14,4
DA:15,4
DA:16,1
DA:17,1
LF:17
LH:17
BRDA:7,0,0,4
BRDA:7,1,0,0
BRDA:7,2,0,0
BRF:3
BRH:1
end_of_record
TN:
SF:src\components\buttons\utils\sizes\getSize.ts
FN:11,getSize
FNF:1
FNH:1
FNDA:4,getSize
DA:1,1
DA:2,1
DA:3,1
DA:4,1
DA:5,1
DA:6,1
DA:7,1
DA:8,1
DA:9,1
DA:10,1
DA:11,1
DA:12,1
DA:13,1
LF:13
LH:13
BRDA:11,0,0,4
BRF:1
BRH:1
end_of_record
